2013-12-27 08:48:22 Error: [MissingControllerException] Controller class CssController could not be found.
Exception Attributes: array (
  'class' => 'CssController',
  'plugin' => NULL,
)
Request URL: /frontiers/css/uniform.default.css
Stack Trace:
#0 /usr/local/zend/apache2/htdocs/frontiers/app/webroot/index.php(108): Dispatcher->dispatch(Object(CakeRequest), Object(CakeResponse))
#1 {main}
2013-12-27 08:48:24 Error: [MissingControllerException] Controller class JsController could not be found.
Exception Attributes: array (
  'class' => 'JsController',
  'plugin' => NULL,
)
Request URL: /frontiers/js/jquery.uniform.min.js
Stack Trace:
#0 /usr/local/zend/apache2/htdocs/frontiers/app/webroot/index.php(108): Dispatcher->dispatch(Object(CakeRequest), Object(CakeResponse))
#1 {main}
2013-12-27 09:00:06 Error: [MissingControllerException] Controller class CssController could not be found.
Exception Attributes: array (
  'class' => 'CssController',
  'plugin' => NULL,
)
Request URL: /frontiers/css/uniform.default.css
Stack Trace:
#0 /usr/local/zend/apache2/htdocs/frontiers/app/webroot/index.php(108): Dispatcher->dispatch(Object(CakeRequest), Object(CakeResponse))
#1 {main}
2013-12-27 09:00:06 Error: [MissingControllerException] Controller class JsController could not be found.
Exception Attributes: array (
  'class' => 'JsController',
  'plugin' => NULL,
)
Request URL: /frontiers/js/jquery.uniform.min.js
Stack Trace:
#0 /usr/local/zend/apache2/htdocs/frontiers/app/webroot/index.php(108): Dispatcher->dispatch(Object(CakeRequest), Object(CakeResponse))
#1 {main}
2013-12-27 09:00:26 Error: [MissingControllerException] Controller class JsController could not be found.
Exception Attributes: array (
  'class' => 'JsController',
  'plugin' => NULL,
)
Request URL: /frontiers/js/jquery-1.10.2.min.map
Stack Trace:
#0 /usr/local/zend/apache2/htdocs/frontiers/app/webroot/index.php(108): Dispatcher->dispatch(Object(CakeRequest), Object(CakeResponse))
#1 {main}
2013-12-27 09:42:04 Error: [MissingControllerException] Controller class JsController could not be found.
Exception Attributes: array (
  'class' => 'JsController',
  'plugin' => NULL,
)
Request URL: /frontiers/js/jquery.uniform.min.js
Stack Trace:
#0 /usr/local/zend/apache2/htdocs/frontiers/app/webroot/index.php(108): Dispatcher->dispatch(Object(CakeRequest), Object(CakeResponse))
#1 {main}
2013-12-27 09:42:04 Error: [MissingControllerException] Controller class CssController could not be found.
Exception Attributes: array (
  'class' => 'CssController',
  'plugin' => NULL,
)
Request URL: /frontiers/css/uniform.default.css
Stack Trace:
#0 /usr/local/zend/apache2/htdocs/frontiers/app/webroot/index.php(108): Dispatcher->dispatch(Object(CakeRequest), Object(CakeResponse))
#1 {main}
2013-12-27 09:42:09 Error: [MissingControllerException] Controller class JsController could not be found.
Exception Attributes: array (
  'class' => 'JsController',
  'plugin' => NULL,
)
Request URL: /frontiers/js/jquery-1.10.2.min.map
Stack Trace:
#0 /usr/local/zend/apache2/htdocs/frontiers/app/webroot/index.php(108): Dispatcher->dispatch(Object(CakeRequest), Object(CakeResponse))
#1 {main}
2013-12-27 09:52:40 Error: [MissingControllerException] Controller class CssController could not be found.
Exception Attributes: array (
  'class' => 'CssController',
  'plugin' => NULL,
)
Request URL: /frontiers/css/uniform.default.css
Stack Trace:
#0 /usr/local/zend/apache2/htdocs/frontiers/app/webroot/index.php(108): Dispatcher->dispatch(Object(CakeRequest), Object(CakeResponse))
#1 {main}
2013-12-27 09:52:40 Error: [MissingControllerException] Controller class JsController could not be found.
Exception Attributes: array (
  'class' => 'JsController',
  'plugin' => NULL,
)
Request URL: /frontiers/js/jquery.uniform.min.js
Stack Trace:
#0 /usr/local/zend/apache2/htdocs/frontiers/app/webroot/index.php(108): Dispatcher->dispatch(Object(CakeRequest), Object(CakeResponse))
#1 {main}
2013-12-27 09:52:41 Error: [MissingControllerException] Controller class JsController could not be found.
Exception Attributes: array (
  'class' => 'JsController',
  'plugin' => NULL,
)
Request URL: /frontiers/js/jquery-1.10.2.min.map
Stack Trace:
#0 /usr/local/zend/apache2/htdocs/frontiers/app/webroot/index.php(108): Dispatcher->dispatch(Object(CakeRequest), Object(CakeResponse))
#1 {main}
2013-12-27 09:52:56 Error: [MissingControllerException] Controller class CssController could not be found.
Exception Attributes: array (
  'class' => 'CssController',
  'plugin' => NULL,
)
Request URL: /frontiers/css/uniform.default.css
Stack Trace:
#0 /usr/local/zend/apache2/htdocs/frontiers/app/webroot/index.php(108): Dispatcher->dispatch(Object(CakeRequest), Object(CakeResponse))
#1 {main}
2013-12-27 09:52:56 Error: [MissingControllerException] Controller class JsController could not be found.
Exception Attributes: array (
  'class' => 'JsController',
  'plugin' => NULL,
)
Request URL: /frontiers/js/jquery.uniform.min.js
Stack Trace:
#0 /usr/local/zend/apache2/htdocs/frontiers/app/webroot/index.php(108): Dispatcher->dispatch(Object(CakeRequest), Object(CakeResponse))
#1 {main}
2013-12-27 09:52:58 Error: [MissingControllerException] Controller class JsController could not be found.
Exception Attributes: array (
  'class' => 'JsController',
  'plugin' => NULL,
)
Request URL: /frontiers/js/jquery-1.10.2.min.map
Stack Trace:
#0 /usr/local/zend/apache2/htdocs/frontiers/app/webroot/index.php(108): Dispatcher->dispatch(Object(CakeRequest), Object(CakeResponse))
#1 {main}
2013-12-27 09:53:10 Error: [MissingControllerException] Controller class CssController could not be found.
Exception Attributes: array (
  'class' => 'CssController',
  'plugin' => NULL,
)
Request URL: /frontiers/css/uniform.default.css
Stack Trace:
#0 /usr/local/zend/apache2/htdocs/frontiers/app/webroot/index.php(108): Dispatcher->dispatch(Object(CakeRequest), Object(CakeResponse))
#1 {main}
2013-12-27 09:53:10 Error: [MissingControllerException] Controller class JsController could not be found.
Exception Attributes: array (
  'class' => 'JsController',
  'plugin' => NULL,
)
Request URL: /frontiers/js/jquery.uniform.min.js
Stack Trace:
#0 /usr/local/zend/apache2/htdocs/frontiers/app/webroot/index.php(108): Dispatcher->dispatch(Object(CakeRequest), Object(CakeResponse))
#1 {main}
2013-12-27 09:53:10 Error: [MissingControllerException] Controller class JsController could not be found.
Exception Attributes: array (
  'class' => 'JsController',
  'plugin' => NULL,
)
Request URL: /frontiers/js/jquery-1.10.2.min.map
Stack Trace:
#0 /usr/local/zend/apache2/htdocs/frontiers/app/webroot/index.php(108): Dispatcher->dispatch(Object(CakeRequest), Object(CakeResponse))
#1 {main}
2013-12-27 09:53:18 Error: [MissingControllerException] Controller class CssController could not be found.
Exception Attributes: array (
  'class' => 'CssController',
  'plugin' => NULL,
)
Request URL: /frontiers/css/uniform.default.css
Stack Trace:
#0 /usr/local/zend/apache2/htdocs/frontiers/app/webroot/index.php(108): Dispatcher->dispatch(Object(CakeRequest), Object(CakeResponse))
#1 {main}
2013-12-27 09:53:18 Error: [MissingControllerException] Controller class JsController could not be found.
Exception Attributes: array (
  'class' => 'JsController',
  'plugin' => NULL,
)
Request URL: /frontiers/js/jquery.uniform.min.js
Stack Trace:
#0 /usr/local/zend/apache2/htdocs/frontiers/app/webroot/index.php(108): Dispatcher->dispatch(Object(CakeRequest), Object(CakeResponse))
#1 {main}
2013-12-27 09:53:20 Error: [MissingControllerException] Controller class JsController could not be found.
Exception Attributes: array (
  'class' => 'JsController',
  'plugin' => NULL,
)
Request URL: /frontiers/js/jquery-1.10.2.min.map
Stack Trace:
#0 /usr/local/zend/apache2/htdocs/frontiers/app/webroot/index.php(108): Dispatcher->dispatch(Object(CakeRequest), Object(CakeResponse))
#1 {main}
2013-12-27 09:54:13 Error: [MissingControllerException] Controller class CssController could not be found.
Exception Attributes: array (
  'class' => 'CssController',
  'plugin' => NULL,
)
Request URL: /frontiers/css/uniform.default.css
Stack Trace:
#0 /usr/local/zend/apache2/htdocs/frontiers/app/webroot/index.php(108): Dispatcher->dispatch(Object(CakeRequest), Object(CakeResponse))
#1 {main}
2013-12-27 09:54:13 Error: [MissingControllerException] Controller class JsController could not be found.
Exception Attributes: array (
  'class' => 'JsController',
  'plugin' => NULL,
)
Request URL: /frontiers/js/jquery.uniform.min.js
Stack Trace:
#0 /usr/local/zend/apache2/htdocs/frontiers/app/webroot/index.php(108): Dispatcher->dispatch(Object(CakeRequest), Object(CakeResponse))
#1 {main}
2013-12-27 09:54:13 Error: [MissingControllerException] Controller class JsController could not be found.
Exception Attributes: array (
  'class' => 'JsController',
  'plugin' => NULL,
)
Request URL: /frontiers/js/jquery-1.10.2.min.map
Stack Trace:
#0 /usr/local/zend/apache2/htdocs/frontiers/app/webroot/index.php(108): Dispatcher->dispatch(Object(CakeRequest), Object(CakeResponse))
#1 {main}
2013-12-27 10:31:43 Error: [MissingControllerException] Controller class CssController could not be found.
Exception Attributes: array (
  'class' => 'CssController',
  'plugin' => NULL,
)
Request URL: /frontiers/css/uniform.default.css
Stack Trace:
#0 /usr/local/zend/apache2/htdocs/frontiers/app/webroot/index.php(108): Dispatcher->dispatch(Object(CakeRequest), Object(CakeResponse))
#1 {main}
2013-12-27 10:31:43 Error: [MissingControllerException] Controller class JsController could not be found.
Exception Attributes: array (
  'class' => 'JsController',
  'plugin' => NULL,
)
Request URL: /frontiers/js/jquery.uniform.min.js
Stack Trace:
#0 /usr/local/zend/apache2/htdocs/frontiers/app/webroot/index.php(108): Dispatcher->dispatch(Object(CakeRequest), Object(CakeResponse))
#1 {main}
2013-12-27 10:31:43 Error: [MissingControllerException] Controller class JsController could not be found.
Exception Attributes: array (
  'class' => 'JsController',
  'plugin' => NULL,
)
Request URL: /frontiers/js/jquery-1.10.2.min.map
Stack Trace:
#0 /usr/local/zend/apache2/htdocs/frontiers/app/webroot/index.php(108): Dispatcher->dispatch(Object(CakeRequest), Object(CakeResponse))
#1 {main}
2013-12-27 10:37:53 Error: [MissingControllerException] Controller class JsController could not be found.
Exception Attributes: array (
  'class' => 'JsController',
  'plugin' => NULL,
)
Request URL: /frontiers/js/jquery.uniform.min.js
Stack Trace:
#0 /usr/local/zend/apache2/htdocs/frontiers/app/webroot/index.php(108): Dispatcher->dispatch(Object(CakeRequest), Object(CakeResponse))
#1 {main}
2013-12-27 10:37:53 Error: [MissingControllerException] Controller class CssController could not be found.
Exception Attributes: array (
  'class' => 'CssController',
  'plugin' => NULL,
)
Request URL: /frontiers/css/uniform.default.css
Stack Trace:
#0 /usr/local/zend/apache2/htdocs/frontiers/app/webroot/index.php(108): Dispatcher->dispatch(Object(CakeRequest), Object(CakeResponse))
#1 {main}
2013-12-27 10:37:53 Error: [MissingControllerException] Controller class JsController could not be found.
Exception Attributes: array (
  'class' => 'JsController',
  'plugin' => NULL,
)
Request URL: /frontiers/js/jquery-1.10.2.min.map
Stack Trace:
#0 /usr/local/zend/apache2/htdocs/frontiers/app/webroot/index.php(108): Dispatcher->dispatch(Object(CakeRequest), Object(CakeResponse))
#1 {main}
2013-12-27 10:47:49 Error: [MissingControllerException] Controller class CssController could not be found.
Exception Attributes: array (
  'class' => 'CssController',
  'plugin' => NULL,
)
Request URL: /frontiers/css/uniform.default.css
Stack Trace:
#0 /usr/local/zend/apache2/htdocs/frontiers/app/webroot/index.php(108): Dispatcher->dispatch(Object(CakeRequest), Object(CakeResponse))
#1 {main}
2013-12-27 10:47:49 Error: [MissingControllerException] Controller class JsController could not be found.
Exception Attributes: array (
  'class' => 'JsController',
  'plugin' => NULL,
)
Request URL: /frontiers/js/jquery.uniform.min.js
Stack Trace:
#0 /usr/local/zend/apache2/htdocs/frontiers/app/webroot/index.php(108): Dispatcher->dispatch(Object(CakeRequest), Object(CakeResponse))
#1 {main}
2013-12-27 10:48:52 Error: [MissingControllerException] Controller class CssController could not be found.
Exception Attributes: array (
  'class' => 'CssController',
  'plugin' => NULL,
)
Request URL: /frontiers/css/uniform.default.css
Stack Trace:
#0 /usr/local/zend/apache2/htdocs/frontiers/app/webroot/index.php(108): Dispatcher->dispatch(Object(CakeRequest), Object(CakeResponse))
#1 {main}
2013-12-27 10:48:52 Error: [MissingControllerException] Controller class JsController could not be found.
Exception Attributes: array (
  'class' => 'JsController',
  'plugin' => NULL,
)
Request URL: /frontiers/js/jquery.uniform.min.js
Stack Trace:
#0 /usr/local/zend/apache2/htdocs/frontiers/app/webroot/index.php(108): Dispatcher->dispatch(Object(CakeRequest), Object(CakeResponse))
#1 {main}
2013-12-27 10:49:13 Error: [MissingControllerException] Controller class CssController could not be found.
Exception Attributes: array (
  'class' => 'CssController',
  'plugin' => NULL,
)
Request URL: /frontiers/css/uniform.default.css
Stack Trace:
#0 /usr/local/zend/apache2/htdocs/frontiers/app/webroot/index.php(108): Dispatcher->dispatch(Object(CakeRequest), Object(CakeResponse))
#1 {main}
2013-12-27 10:49:13 Error: [MissingControllerException] Controller class JsController could not be found.
Exception Attributes: array (
  'class' => 'JsController',
  'plugin' => NULL,
)
Request URL: /frontiers/js/jquery.uniform.min.js
Stack Trace:
#0 /usr/local/zend/apache2/htdocs/frontiers/app/webroot/index.php(108): Dispatcher->dispatch(Object(CakeRequest), Object(CakeResponse))
#1 {main}
2013-12-27 10:50:44 Error: [MissingControllerException] Controller class CssController could not be found.
Exception Attributes: array (
  'class' => 'CssController',
  'plugin' => NULL,
)
Request URL: /frontiers/css/uniform.default.css
Stack Trace:
#0 /usr/local/zend/apache2/htdocs/frontiers/app/webroot/index.php(108): Dispatcher->dispatch(Object(CakeRequest), Object(CakeResponse))
#1 {main}
2013-12-27 10:50:44 Error: [MissingControllerException] Controller class JsController could not be found.
Exception Attributes: array (
  'class' => 'JsController',
  'plugin' => NULL,
)
Request URL: /frontiers/js/jquery.uniform.min.js
Stack Trace:
#0 /usr/local/zend/apache2/htdocs/frontiers/app/webroot/index.php(108): Dispatcher->dispatch(Object(CakeRequest), Object(CakeResponse))
#1 {main}
2013-12-27 10:52:23 Error: [MissingControllerException] Controller class CssController could not be found.
Exception Attributes: array (
  'class' => 'CssController',
  'plugin' => NULL,
)
Request URL: /frontiers/css/uniform.default.css
Stack Trace:
#0 /usr/local/zend/apache2/htdocs/frontiers/app/webroot/index.php(108): Dispatcher->dispatch(Object(CakeRequest), Object(CakeResponse))
#1 {main}
2013-12-27 10:52:23 Error: [MissingControllerException] Controller class JsController could not be found.
Exception Attributes: array (
  'class' => 'JsController',
  'plugin' => NULL,
)
Request URL: /frontiers/js/jquery.uniform.min.js
Stack Trace:
#0 /usr/local/zend/apache2/htdocs/frontiers/app/webroot/index.php(108): Dispatcher->dispatch(Object(CakeRequest), Object(CakeResponse))
#1 {main}
2013-12-27 10:55:31 Error: [MissingControllerException] Controller class CssController could not be found.
Exception Attributes: array (
  'class' => 'CssController',
  'plugin' => NULL,
)
Request URL: /frontiers/css/uniform.default.css
Stack Trace:
#0 /usr/local/zend/apache2/htdocs/frontiers/app/webroot/index.php(108): Dispatcher->dispatch(Object(CakeRequest), Object(CakeResponse))
#1 {main}
2013-12-27 10:55:31 Error: [MissingControllerException] Controller class JsController could not be found.
Exception Attributes: array (
  'class' => 'JsController',
  'plugin' => NULL,
)
Request URL: /frontiers/js/jquery.uniform.min.js
Stack Trace:
#0 /usr/local/zend/apache2/htdocs/frontiers/app/webroot/index.php(108): Dispatcher->dispatch(Object(CakeRequest), Object(CakeResponse))
#1 {main}
2013-12-27 10:56:13 Error: [MissingControllerException] Controller class CssController could not be found.
Exception Attributes: array (
  'class' => 'CssController',
  'plugin' => NULL,
)
Request URL: /frontiers/css/uniform.default.css
Stack Trace:
#0 /usr/local/zend/apache2/htdocs/frontiers/app/webroot/index.php(108): Dispatcher->dispatch(Object(CakeRequest), Object(CakeResponse))
#1 {main}
2013-12-27 10:56:14 Error: [MissingControllerException] Controller class JsController could not be found.
Exception Attributes: array (
  'class' => 'JsController',
  'plugin' => NULL,
)
Request URL: /frontiers/js/jquery.uniform.min.js
Stack Trace:
#0 /usr/local/zend/apache2/htdocs/frontiers/app/webroot/index.php(108): Dispatcher->dispatch(Object(CakeRequest), Object(CakeResponse))
#1 {main}
2013-12-27 10:56:52 Error: [MissingControllerException] Controller class CssController could not be found.
Exception Attributes: array (
  'class' => 'CssController',
  'plugin' => NULL,
)
Request URL: /frontiers/css/uniform.default.css
Stack Trace:
#0 /usr/local/zend/apache2/htdocs/frontiers/app/webroot/index.php(108): Dispatcher->dispatch(Object(CakeRequest), Object(CakeResponse))
#1 {main}
2013-12-27 10:56:52 Error: [MissingControllerException] Controller class JsController could not be found.
Exception Attributes: array (
  'class' => 'JsController',
  'plugin' => NULL,
)
Request URL: /frontiers/js/jquery.uniform.min.js
Stack Trace:
#0 /usr/local/zend/apache2/htdocs/frontiers/app/webroot/index.php(108): Dispatcher->dispatch(Object(CakeRequest), Object(CakeResponse))
#1 {main}
2013-12-27 10:57:40 Error: [MissingControllerException] Controller class CssController could not be found.
Exception Attributes: array (
  'class' => 'CssController',
  'plugin' => NULL,
)
Request URL: /frontiers/css/uniform.default.css
Stack Trace:
#0 /usr/local/zend/apache2/htdocs/frontiers/app/webroot/index.php(108): Dispatcher->dispatch(Object(CakeRequest), Object(CakeResponse))
#1 {main}
2013-12-27 10:57:40 Error: [MissingControllerException] Controller class JsController could not be found.
Exception Attributes: array (
  'class' => 'JsController',
  'plugin' => NULL,
)
Request URL: /frontiers/js/jquery.uniform.min.js
Stack Trace:
#0 /usr/local/zend/apache2/htdocs/frontiers/app/webroot/index.php(108): Dispatcher->dispatch(Object(CakeRequest), Object(CakeResponse))
#1 {main}
2013-12-27 10:58:26 Error: [MissingControllerException] Controller class CssController could not be found.
Exception Attributes: array (
  'class' => 'CssController',
  'plugin' => NULL,
)
Request URL: /frontiers/css/uniform.default.css
Stack Trace:
#0 /usr/local/zend/apache2/htdocs/frontiers/app/webroot/index.php(108): Dispatcher->dispatch(Object(CakeRequest), Object(CakeResponse))
#1 {main}
2013-12-27 10:58:26 Error: [MissingControllerException] Controller class JsController could not be found.
Exception Attributes: array (
  'class' => 'JsController',
  'plugin' => NULL,
)
Request URL: /frontiers/js/jquery.uniform.min.js
Stack Trace:
#0 /usr/local/zend/apache2/htdocs/frontiers/app/webroot/index.php(108): Dispatcher->dispatch(Object(CakeRequest), Object(CakeResponse))
#1 {main}
2013-12-27 10:58:37 Error: [MissingControllerException] Controller class CssController could not be found.
Exception Attributes: array (
  'class' => 'CssController',
  'plugin' => NULL,
)
Request URL: /frontiers/css/uniform.default.css
Stack Trace:
#0 /usr/local/zend/apache2/htdocs/frontiers/app/webroot/index.php(108): Dispatcher->dispatch(Object(CakeRequest), Object(CakeResponse))
#1 {main}
2013-12-27 10:58:38 Error: [MissingControllerException] Controller class JsController could not be found.
Exception Attributes: array (
  'class' => 'JsController',
  'plugin' => NULL,
)
Request URL: /frontiers/js/jquery.uniform.min.js
Stack Trace:
#0 /usr/local/zend/apache2/htdocs/frontiers/app/webroot/index.php(108): Dispatcher->dispatch(Object(CakeRequest), Object(CakeResponse))
#1 {main}
2013-12-27 11:02:54 Error: [MissingControllerException] Controller class CssController could not be found.
Exception Attributes: array (
  'class' => 'CssController',
  'plugin' => NULL,
)
Request URL: /frontiers/css/uniform.default.css
Stack Trace:
#0 /usr/local/zend/apache2/htdocs/frontiers/app/webroot/index.php(108): Dispatcher->dispatch(Object(CakeRequest), Object(CakeResponse))
#1 {main}
2013-12-27 11:02:54 Error: [MissingControllerException] Controller class JsController could not be found.
Exception Attributes: array (
  'class' => 'JsController',
  'plugin' => NULL,
)
Request URL: /frontiers/js/jquery.uniform.min.js
Stack Trace:
#0 /usr/local/zend/apache2/htdocs/frontiers/app/webroot/index.php(108): Dispatcher->dispatch(Object(CakeRequest), Object(CakeResponse))
#1 {main}
2013-12-27 11:03:39 Error: [MissingControllerException] Controller class CssController could not be found.
Exception Attributes: array (
  'class' => 'CssController',
  'plugin' => NULL,
)
Request URL: /frontiers/css/uniform.default.css
Stack Trace:
#0 /usr/local/zend/apache2/htdocs/frontiers/app/webroot/index.php(108): Dispatcher->dispatch(Object(CakeRequest), Object(CakeResponse))
#1 {main}
2013-12-27 11:03:40 Error: [MissingControllerException] Controller class JsController could not be found.
Exception Attributes: array (
  'class' => 'JsController',
  'plugin' => NULL,
)
Request URL: /frontiers/js/jquery.uniform.min.js
Stack Trace:
#0 /usr/local/zend/apache2/htdocs/frontiers/app/webroot/index.php(108): Dispatcher->dispatch(Object(CakeRequest), Object(CakeResponse))
#1 {main}
2013-12-27 11:03:57 Error: [MissingControllerException] Controller class CssController could not be found.
Exception Attributes: array (
  'class' => 'CssController',
  'plugin' => NULL,
)
Request URL: /frontiers/css/uniform.default.css
Stack Trace:
#0 /usr/local/zend/apache2/htdocs/frontiers/app/webroot/index.php(108): Dispatcher->dispatch(Object(CakeRequest), Object(CakeResponse))
#1 {main}
2013-12-27 11:03:57 Error: [MissingControllerException] Controller class JsController could not be found.
Exception Attributes: array (
  'class' => 'JsController',
  'plugin' => NULL,
)
Request URL: /frontiers/js/jquery.uniform.min.js
Stack Trace:
#0 /usr/local/zend/apache2/htdocs/frontiers/app/webroot/index.php(108): Dispatcher->dispatch(Object(CakeRequest), Object(CakeResponse))
#1 {main}
2013-12-27 11:04:17 Error: [MissingControllerException] Controller class JsController could not be found.
Exception Attributes: array (
  'class' => 'JsController',
  'plugin' => NULL,
)
Request URL: /frontiers/js/jquery.uniform.min.js
Stack Trace:
#0 /usr/local/zend/apache2/htdocs/frontiers/app/webroot/index.php(108): Dispatcher->dispatch(Object(CakeRequest), Object(CakeResponse))
#1 {main}
2013-12-27 11:04:17 Error: [MissingControllerException] Controller class CssController could not be found.
Exception Attributes: array (
  'class' => 'CssController',
  'plugin' => NULL,
)
Request URL: /frontiers/css/uniform.default.css
Stack Trace:
#0 /usr/local/zend/apache2/htdocs/frontiers/app/webroot/index.php(108): Dispatcher->dispatch(Object(CakeRequest), Object(CakeResponse))
#1 {main}
2013-12-27 11:04:48 Error: [MissingControllerException] Controller class JsController could not be found.
Exception Attributes: array (
  'class' => 'JsController',
  'plugin' => NULL,
)
Request URL: /frontiers/js/jquery.uniform.min.js
Stack Trace:
#0 /usr/local/zend/apache2/htdocs/frontiers/app/webroot/index.php(108): Dispatcher->dispatch(Object(CakeRequest), Object(CakeResponse))
#1 {main}
2013-12-27 11:04:48 Error: [MissingControllerException] Controller class CssController could not be found.
Exception Attributes: array (
  'class' => 'CssController',
  'plugin' => NULL,
)
Request URL: /frontiers/css/uniform.default.css
Stack Trace:
#0 /usr/local/zend/apache2/htdocs/frontiers/app/webroot/index.php(108): Dispatcher->dispatch(Object(CakeRequest), Object(CakeResponse))
#1 {main}
2013-12-27 11:07:38 Error: [MissingControllerException] Controller class JsController could not be found.
Exception Attributes: array (
  'class' => 'JsController',
  'plugin' => NULL,
)
Request URL: /frontiers/js/jquery-1.10.2.min.map
Stack Trace:
#0 /usr/local/zend/apache2/htdocs/frontiers/app/webroot/index.php(108): Dispatcher->dispatch(Object(CakeRequest), Object(CakeResponse))
#1 {main}
2013-12-27 11:11:27 Error: [MissingControllerException] Controller class CssController could not be found.
Exception Attributes: array (
  'class' => 'CssController',
  'plugin' => NULL,
)
Request URL: /frontiers/css/uniform.default.css
Stack Trace:
#0 /usr/local/zend/apache2/htdocs/frontiers/app/webroot/index.php(108): Dispatcher->dispatch(Object(CakeRequest), Object(CakeResponse))
#1 {main}
2013-12-27 11:11:27 Error: [MissingControllerException] Controller class JsController could not be found.
Exception Attributes: array (
  'class' => 'JsController',
  'plugin' => NULL,
)
Request URL: /frontiers/js/jquery.uniform.min.js
Stack Trace:
#0 /usr/local/zend/apache2/htdocs/frontiers/app/webroot/index.php(108): Dispatcher->dispatch(Object(CakeRequest), Object(CakeResponse))
#1 {main}
2013-12-27 11:11:34 Error: [MissingControllerException] Controller class JsController could not be found.
Exception Attributes: array (
  'class' => 'JsController',
  'plugin' => NULL,
)
Request URL: /frontiers/js/jquery-1.10.2.min.map
Stack Trace:
#0 /usr/local/zend/apache2/htdocs/frontiers/app/webroot/index.php(108): Dispatcher->dispatch(Object(CakeRequest), Object(CakeResponse))
#1 {main}
2013-12-27 11:11:59 Error: [MissingControllerException] Controller class CssController could not be found.
Exception Attributes: array (
  'class' => 'CssController',
  'plugin' => NULL,
)
Request URL: /frontiers/css/uniform.default.css
Stack Trace:
#0 /usr/local/zend/apache2/htdocs/frontiers/app/webroot/index.php(108): Dispatcher->dispatch(Object(CakeRequest), Object(CakeResponse))
#1 {main}
2013-12-27 11:11:59 Error: [MissingControllerException] Controller class JsController could not be found.
Exception Attributes: array (
  'class' => 'JsController',
  'plugin' => NULL,
)
Request URL: /frontiers/js/jquery.uniform.min.js
Stack Trace:
#0 /usr/local/zend/apache2/htdocs/frontiers/app/webroot/index.php(108): Dispatcher->dispatch(Object(CakeRequest), Object(CakeResponse))
#1 {main}
2013-12-27 11:12:00 Error: [MissingControllerException] Controller class JsController could not be found.
Exception Attributes: array (
  'class' => 'JsController',
  'plugin' => NULL,
)
Request URL: /frontiers/js/jquery-1.10.2.min.map
Stack Trace:
#0 /usr/local/zend/apache2/htdocs/frontiers/app/webroot/index.php(108): Dispatcher->dispatch(Object(CakeRequest), Object(CakeResponse))
#1 {main}
2013-12-27 11:12:44 Error: [MissingControllerException] Controller class JsController could not be found.
Exception Attributes: array (
  'class' => 'JsController',
  'plugin' => NULL,
)
Request URL: /frontiers/js/jquery.uniform.min.js
Stack Trace:
#0 /usr/local/zend/apache2/htdocs/frontiers/app/webroot/index.php(108): Dispatcher->dispatch(Object(CakeRequest), Object(CakeResponse))
#1 {main}
2013-12-27 11:12:44 Error: [MissingControllerException] Controller class CssController could not be found.
Exception Attributes: array (
  'class' => 'CssController',
  'plugin' => NULL,
)
Request URL: /frontiers/css/uniform.default.css
Stack Trace:
#0 /usr/local/zend/apache2/htdocs/frontiers/app/webroot/index.php(108): Dispatcher->dispatch(Object(CakeRequest), Object(CakeResponse))
#1 {main}
2013-12-27 11:12:46 Error: [MissingControllerException] Controller class JsController could not be found.
Exception Attributes: array (
  'class' => 'JsController',
  'plugin' => NULL,
)
Request URL: /frontiers/js/jquery-1.10.2.min.map
Stack Trace:
#0 /usr/local/zend/apache2/htdocs/frontiers/app/webroot/index.php(108): Dispatcher->dispatch(Object(CakeRequest), Object(CakeResponse))
#1 {main}
2013-12-27 11:13:10 Error: [MissingControllerException] Controller class CssController could not be found.
Exception Attributes: array (
  'class' => 'CssController',
  'plugin' => NULL,
)
Request URL: /frontiers/css/uniform.default.css
Stack Trace:
#0 /usr/local/zend/apache2/htdocs/frontiers/app/webroot/index.php(108): Dispatcher->dispatch(Object(CakeRequest), Object(CakeResponse))
#1 {main}
2013-12-27 11:13:10 Error: [MissingControllerException] Controller class JsController could not be found.
Exception Attributes: array (
  'class' => 'JsController',
  'plugin' => NULL,
)
Request URL: /frontiers/js/jquery.uniform.min.js
Stack Trace:
#0 /usr/local/zend/apache2/htdocs/frontiers/app/webroot/index.php(108): Dispatcher->dispatch(Object(CakeRequest), Object(CakeResponse))
#1 {main}
2013-12-27 11:13:34 Error: [MissingControllerException] Controller class JsController could not be found.
Exception Attributes: array (
  'class' => 'JsController',
  'plugin' => NULL,
)
Request URL: /frontiers/js/jquery-1.10.2.min.map
Stack Trace:
#0 /usr/local/zend/apache2/htdocs/frontiers/app/webroot/index.php(108): Dispatcher->dispatch(Object(CakeRequest), Object(CakeResponse))
#1 {main}
2013-12-27 11:13:50 Error: [MissingControllerException] Controller class CssController could not be found.
Exception Attributes: array (
  'class' => 'CssController',
  'plugin' => NULL,
)
Request URL: /frontiers/css/uniform.default.css
Stack Trace:
#0 /usr/local/zend/apache2/htdocs/frontiers/app/webroot/index.php(108): Dispatcher->dispatch(Object(CakeRequest), Object(CakeResponse))
#1 {main}
2013-12-27 11:13:50 Error: [MissingControllerException] Controller class JsController could not be found.
Exception Attributes: array (
  'class' => 'JsController',
  'plugin' => NULL,
)
Request URL: /frontiers/js/jquery.uniform.min.js
Stack Trace:
#0 /usr/local/zend/apache2/htdocs/frontiers/app/webroot/index.php(108): Dispatcher->dispatch(Object(CakeRequest), Object(CakeResponse))
#1 {main}
2013-12-27 11:13:51 Error: [MissingControllerException] Controller class JsController could not be found.
Exception Attributes: array (
  'class' => 'JsController',
  'plugin' => NULL,
)
Request URL: /frontiers/js/jquery-1.10.2.min.map
Stack Trace:
#0 /usr/local/zend/apache2/htdocs/frontiers/app/webroot/index.php(108): Dispatcher->dispatch(Object(CakeRequest), Object(CakeResponse))
#1 {main}
2013-12-27 11:14:31 Error: [MissingControllerException] Controller class CssController could not be found.
Exception Attributes: array (
  'class' => 'CssController',
  'plugin' => NULL,
)
Request URL: /frontiers/css/uniform.default.css
Stack Trace:
#0 /usr/local/zend/apache2/htdocs/frontiers/app/webroot/index.php(108): Dispatcher->dispatch(Object(CakeRequest), Object(CakeResponse))
#1 {main}
2013-12-27 11:14:31 Error: [MissingControllerException] Controller class JsController could not be found.
Exception Attributes: array (
  'class' => 'JsController',
  'plugin' => NULL,
)
Request URL: /frontiers/js/jquery.uniform.min.js
Stack Trace:
#0 /usr/local/zend/apache2/htdocs/frontiers/app/webroot/index.php(108): Dispatcher->dispatch(Object(CakeRequest), Object(CakeResponse))
#1 {main}
2013-12-27 11:14:33 Error: [MissingControllerException] Controller class JsController could not be found.
Exception Attributes: array (
  'class' => 'JsController',
  'plugin' => NULL,
)
Request URL: /frontiers/js/jquery-1.10.2.min.map
Stack Trace:
#0 /usr/local/zend/apache2/htdocs/frontiers/app/webroot/index.php(108): Dispatcher->dispatch(Object(CakeRequest), Object(CakeResponse))
#1 {main}
2013-12-27 11:14:49 Error: [MissingControllerException] Controller class CssController could not be found.
Exception Attributes: array (
  'class' => 'CssController',
  'plugin' => NULL,
)
Request URL: /frontiers/css/uniform.default.css
Stack Trace:
#0 /usr/local/zend/apache2/htdocs/frontiers/app/webroot/index.php(108): Dispatcher->dispatch(Object(CakeRequest), Object(CakeResponse))
#1 {main}
2013-12-27 11:14:49 Error: [MissingControllerException] Controller class JsController could not be found.
Exception Attributes: array (
  'class' => 'JsController',
  'plugin' => NULL,
)
Request URL: /frontiers/js/jquery.uniform.min.js
Stack Trace:
#0 /usr/local/zend/apache2/htdocs/frontiers/app/webroot/index.php(108): Dispatcher->dispatch(Object(CakeRequest), Object(CakeResponse))
#1 {main}
2013-12-27 11:14:51 Error: [MissingControllerException] Controller class JsController could not be found.
Exception Attributes: array (
  'class' => 'JsController',
  'plugin' => NULL,
)
Request URL: /frontiers/js/jquery-1.10.2.min.map
Stack Trace:
#0 /usr/local/zend/apache2/htdocs/frontiers/app/webroot/index.php(108): Dispatcher->dispatch(Object(CakeRequest), Object(CakeResponse))
#1 {main}
2013-12-27 11:15:03 Error: [MissingControllerException] Controller class CssController could not be found.
Exception Attributes: array (
  'class' => 'CssController',
  'plugin' => NULL,
)
Request URL: /frontiers/css/uniform.default.css
Stack Trace:
#0 /usr/local/zend/apache2/htdocs/frontiers/app/webroot/index.php(108): Dispatcher->dispatch(Object(CakeRequest), Object(CakeResponse))
#1 {main}
2013-12-27 11:15:03 Error: [MissingControllerException] Controller class JsController could not be found.
Exception Attributes: array (
  'class' => 'JsController',
  'plugin' => NULL,
)
Request URL: /frontiers/js/jquery.uniform.min.js
Stack Trace:
#0 /usr/local/zend/apache2/htdocs/frontiers/app/webroot/index.php(108): Dispatcher->dispatch(Object(CakeRequest), Object(CakeResponse))
#1 {main}
2013-12-27 11:15:04 Error: [MissingControllerException] Controller class JsController could not be found.
Exception Attributes: array (
  'class' => 'JsController',
  'plugin' => NULL,
)
Request URL: /frontiers/js/jquery-1.10.2.min.map
Stack Trace:
#0 /usr/local/zend/apache2/htdocs/frontiers/app/webroot/index.php(108): Dispatcher->dispatch(Object(CakeRequest), Object(CakeResponse))
#1 {main}
2013-12-27 11:21:10 Error: [MissingControllerException] Controller class CssController could not be found.
Exception Attributes: array (
  'class' => 'CssController',
  'plugin' => NULL,
)
Request URL: /frontiers/css/uniform.default.css
Stack Trace:
#0 /usr/local/zend/apache2/htdocs/frontiers/app/webroot/index.php(108): Dispatcher->dispatch(Object(CakeRequest), Object(CakeResponse))
#1 {main}
2013-12-27 11:21:10 Error: [MissingControllerException] Controller class JsController could not be found.
Exception Attributes: array (
  'class' => 'JsController',
  'plugin' => NULL,
)
Request URL: /frontiers/js/jquery.uniform.min.js
Stack Trace:
#0 /usr/local/zend/apache2/htdocs/frontiers/app/webroot/index.php(108): Dispatcher->dispatch(Object(CakeRequest), Object(CakeResponse))
#1 {main}
2013-12-27 11:21:10 Error: [MissingControllerException] Controller class JsController could not be found.
Exception Attributes: array (
  'class' => 'JsController',
  'plugin' => NULL,
)
Request URL: /frontiers/js/jquery-1.10.2.min.map
Stack Trace:
#0 /usr/local/zend/apache2/htdocs/frontiers/app/webroot/index.php(108): Dispatcher->dispatch(Object(CakeRequest), Object(CakeResponse))
#1 {main}
2013-12-27 11:50:54 Error: [MissingControllerException] Controller class JsController could not be found.
Exception Attributes: array (
  'class' => 'JsController',
  'plugin' => NULL,
)
Request URL: /frontiers/js/jquery.uniform.min.js
Stack Trace:
#0 /usr/local/zend/apache2/htdocs/frontiers/app/webroot/index.php(108): Dispatcher->dispatch(Object(CakeRequest), Object(CakeResponse))
#1 {main}
2013-12-27 11:50:54 Error: [MissingControllerException] Controller class CssController could not be found.
Exception Attributes: array (
  'class' => 'CssController',
  'plugin' => NULL,
)
Request URL: /frontiers/css/uniform.default.css
Stack Trace:
#0 /usr/local/zend/apache2/htdocs/frontiers/app/webroot/index.php(108): Dispatcher->dispatch(Object(CakeRequest), Object(CakeResponse))
#1 {main}
2013-12-27 12:41:23 Error: [MissingControllerException] Controller class CssController could not be found.
Exception Attributes: array (
  'class' => 'CssController',
  'plugin' => NULL,
)
Request URL: /frontiers/css/uniform.default.css
Stack Trace:
#0 /usr/local/zend/apache2/htdocs/frontiers/app/webroot/index.php(108): Dispatcher->dispatch(Object(CakeRequest), Object(CakeResponse))
#1 {main}
2013-12-27 12:41:23 Error: [MissingControllerException] Controller class JsController could not be found.
Exception Attributes: array (
  'class' => 'JsController',
  'plugin' => NULL,
)
Request URL: /frontiers/js/jquery.uniform.min.js
Stack Trace:
#0 /usr/local/zend/apache2/htdocs/frontiers/app/webroot/index.php(108): Dispatcher->dispatch(Object(CakeRequest), Object(CakeResponse))
#1 {main}
2013-12-27 12:44:51 Error: [MissingControllerException] Controller class CssController could not be found.
Exception Attributes: array (
  'class' => 'CssController',
  'plugin' => NULL,
)
Request URL: /frontiers/css/uniform.default.css
Stack Trace:
#0 /usr/local/zend/apache2/htdocs/frontiers/app/webroot/index.php(108): Dispatcher->dispatch(Object(CakeRequest), Object(CakeResponse))
#1 {main}
2013-12-27 12:44:51 Error: [MissingControllerException] Controller class JsController could not be found.
Exception Attributes: array (
  'class' => 'JsController',
  'plugin' => NULL,
)
Request URL: /frontiers/js/jquery.uniform.min.js
Stack Trace:
#0 /usr/local/zend/apache2/htdocs/frontiers/app/webroot/index.php(108): Dispatcher->dispatch(Object(CakeRequest), Object(CakeResponse))
#1 {main}
2013-12-27 12:48:10 Error: [MissingControllerException] Controller class JsController could not be found.
Exception Attributes: array (
  'class' => 'JsController',
  'plugin' => NULL,
)
Request URL: /frontiers/js/jquery.uniform.min.js
Stack Trace:
#0 /usr/local/zend/apache2/htdocs/frontiers/app/webroot/index.php(108): Dispatcher->dispatch(Object(CakeRequest), Object(CakeResponse))
#1 {main}
2013-12-27 12:48:10 Error: [MissingControllerException] Controller class CssController could not be found.
Exception Attributes: array (
  'class' => 'CssController',
  'plugin' => NULL,
)
Request URL: /frontiers/css/uniform.default.css
Stack Trace:
#0 /usr/local/zend/apache2/htdocs/frontiers/app/webroot/index.php(108): Dispatcher->dispatch(Object(CakeRequest), Object(CakeResponse))
#1 {main}
2013-12-27 12:48:39 Error: [MissingControllerException] Controller class CssController could not be found.
Exception Attributes: array (
  'class' => 'CssController',
  'plugin' => NULL,
)
Request URL: /frontiers/css/uniform.default.css
Stack Trace:
#0 /usr/local/zend/apache2/htdocs/frontiers/app/webroot/index.php(108): Dispatcher->dispatch(Object(CakeRequest), Object(CakeResponse))
#1 {main}
2013-12-27 12:48:39 Error: [MissingControllerException] Controller class JsController could not be found.
Exception Attributes: array (
  'class' => 'JsController',
  'plugin' => NULL,
)
Request URL: /frontiers/js/jquery.uniform.min.js
Stack Trace:
#0 /usr/local/zend/apache2/htdocs/frontiers/app/webroot/index.php(108): Dispatcher->dispatch(Object(CakeRequest), Object(CakeResponse))
#1 {main}
2013-12-27 12:54:06 Error: [MissingControllerException] Controller class CssController could not be found.
Exception Attributes: array (
  'class' => 'CssController',
  'plugin' => NULL,
)
Request URL: /frontiers/css/uniform.default.css
Stack Trace:
#0 /usr/local/zend/apache2/htdocs/frontiers/app/webroot/index.php(108): Dispatcher->dispatch(Object(CakeRequest), Object(CakeResponse))
#1 {main}
2013-12-27 12:54:06 Error: [MissingControllerException] Controller class JsController could not be found.
Exception Attributes: array (
  'class' => 'JsController',
  'plugin' => NULL,
)
Request URL: /frontiers/js/jquery.uniform.min.js
Stack Trace:
#0 /usr/local/zend/apache2/htdocs/frontiers/app/webroot/index.php(108): Dispatcher->dispatch(Object(CakeRequest), Object(CakeResponse))
#1 {main}
2013-12-27 12:56:33 Error: [MissingControllerException] Controller class CssController could not be found.
Exception Attributes: array (
  'class' => 'CssController',
  'plugin' => NULL,
)
Request URL: /frontiers/css/uniform.default.css
Stack Trace:
#0 /usr/local/zend/apache2/htdocs/frontiers/app/webroot/index.php(108): Dispatcher->dispatch(Object(CakeRequest), Object(CakeResponse))
#1 {main}
2013-12-27 12:56:33 Error: [MissingControllerException] Controller class JsController could not be found.
Exception Attributes: array (
  'class' => 'JsController',
  'plugin' => NULL,
)
Request URL: /frontiers/js/jquery.uniform.min.js
Stack Trace:
#0 /usr/local/zend/apache2/htdocs/frontiers/app/webroot/index.php(108): Dispatcher->dispatch(Object(CakeRequest), Object(CakeResponse))
#1 {main}
2013-12-27 12:56:54 Error: [MissingControllerException] Controller class CssController could not be found.
Exception Attributes: array (
  'class' => 'CssController',
  'plugin' => NULL,
)
Request URL: /frontiers/css/uniform.default.css
Stack Trace:
#0 /usr/local/zend/apache2/htdocs/frontiers/app/webroot/index.php(108): Dispatcher->dispatch(Object(CakeRequest), Object(CakeResponse))
#1 {main}
2013-12-27 12:56:54 Error: [MissingControllerException] Controller class JsController could not be found.
Exception Attributes: array (
  'class' => 'JsController',
  'plugin' => NULL,
)
Request URL: /frontiers/js/jquery.uniform.min.js
Stack Trace:
#0 /usr/local/zend/apache2/htdocs/frontiers/app/webroot/index.php(108): Dispatcher->dispatch(Object(CakeRequest), Object(CakeResponse))
#1 {main}
2013-12-27 13:48:49 Error: [MissingControllerException] Controller class CssController could not be found.
Exception Attributes: array (
  'class' => 'CssController',
  'plugin' => NULL,
)
Request URL: /frontiers/css/uniform.default.css
Stack Trace:
#0 /usr/local/zend/apache2/htdocs/frontiers/app/webroot/index.php(108): Dispatcher->dispatch(Object(CakeRequest), Object(CakeResponse))
#1 {main}
2013-12-27 13:48:49 Error: [MissingControllerException] Controller class JsController could not be found.
Exception Attributes: array (
  'class' => 'JsController',
  'plugin' => NULL,
)
Request URL: /frontiers/js/jquery.uniform.min.js
Stack Trace:
#0 /usr/local/zend/apache2/htdocs/frontiers/app/webroot/index.php(108): Dispatcher->dispatch(Object(CakeRequest), Object(CakeResponse))
#1 {main}
2013-12-27 13:49:41 Error: [MissingControllerException] Controller class CssController could not be found.
Exception Attributes: array (
  'class' => 'CssController',
  'plugin' => NULL,
)
Request URL: /frontiers/css/uniform.default.css
Stack Trace:
#0 /usr/local/zend/apache2/htdocs/frontiers/app/webroot/index.php(108): Dispatcher->dispatch(Object(CakeRequest), Object(CakeResponse))
#1 {main}
2013-12-27 13:49:41 Error: [MissingControllerException] Controller class JsController could not be found.
Exception Attributes: array (
  'class' => 'JsController',
  'plugin' => NULL,
)
Request URL: /frontiers/js/jquery.uniform.min.js
Stack Trace:
#0 /usr/local/zend/apache2/htdocs/frontiers/app/webroot/index.php(108): Dispatcher->dispatch(Object(CakeRequest), Object(CakeResponse))
#1 {main}
2013-12-27 13:59:53 Error: [MissingControllerException] Controller class CssController could not be found.
Exception Attributes: array (
  'class' => 'CssController',
  'plugin' => NULL,
)
Request URL: /frontiers/css/uniform.default.css
Stack Trace:
#0 /usr/local/zend/apache2/htdocs/frontiers/app/webroot/index.php(108): Dispatcher->dispatch(Object(CakeRequest), Object(CakeResponse))
#1 {main}
2013-12-27 13:59:53 Error: [MissingControllerException] Controller class JsController could not be found.
Exception Attributes: array (
  'class' => 'JsController',
  'plugin' => NULL,
)
Request URL: /frontiers/js/jquery.uniform.min.js
Stack Trace:
#0 /usr/local/zend/apache2/htdocs/frontiers/app/webroot/index.php(108): Dispatcher->dispatch(Object(CakeRequest), Object(CakeResponse))
#1 {main}
2013-12-27 14:00:49 Error: [MissingControllerException] Controller class CssController could not be found.
Exception Attributes: array (
  'class' => 'CssController',
  'plugin' => NULL,
)
Request URL: /frontiers/css/uniform.default.css
Stack Trace:
#0 /usr/local/zend/apache2/htdocs/frontiers/app/webroot/index.php(108): Dispatcher->dispatch(Object(CakeRequest), Object(CakeResponse))
#1 {main}
2013-12-27 14:00:49 Error: [MissingControllerException] Controller class JsController could not be found.
Exception Attributes: array (
  'class' => 'JsController',
  'plugin' => NULL,
)
Request URL: /frontiers/js/jquery.uniform.min.js
Stack Trace:
#0 /usr/local/zend/apache2/htdocs/frontiers/app/webroot/index.php(108): Dispatcher->dispatch(Object(CakeRequest), Object(CakeResponse))
#1 {main}
2013-12-27 14:05:14 Error: [MissingControllerException] Controller class CssController could not be found.
Exception Attributes: array (
  'class' => 'CssController',
  'plugin' => NULL,
)
Request URL: /frontiers/css/uniform.default.css
Stack Trace:
#0 /usr/local/zend/apache2/htdocs/frontiers/app/webroot/index.php(108): Dispatcher->dispatch(Object(CakeRequest), Object(CakeResponse))
#1 {main}
2013-12-27 14:05:14 Error: [MissingControllerException] Controller class JsController could not be found.
Exception Attributes: array (
  'class' => 'JsController',
  'plugin' => NULL,
)
Request URL: /frontiers/js/jquery.uniform.min.js
Stack Trace:
#0 /usr/local/zend/apache2/htdocs/frontiers/app/webroot/index.php(108): Dispatcher->dispatch(Object(CakeRequest), Object(CakeResponse))
#1 {main}
2013-12-27 14:05:50 Error: [MissingControllerException] Controller class CssController could not be found.
Exception Attributes: array (
  'class' => 'CssController',
  'plugin' => NULL,
)
Request URL: /frontiers/css/uniform.default.css
Stack Trace:
#0 /usr/local/zend/apache2/htdocs/frontiers/app/webroot/index.php(108): Dispatcher->dispatch(Object(CakeRequest), Object(CakeResponse))
#1 {main}
2013-12-27 14:05:50 Error: [MissingControllerException] Controller class JsController could not be found.
Exception Attributes: array (
  'class' => 'JsController',
  'plugin' => NULL,
)
Request URL: /frontiers/js/jquery.uniform.min.js
Stack Trace:
#0 /usr/local/zend/apache2/htdocs/frontiers/app/webroot/index.php(108): Dispatcher->dispatch(Object(CakeRequest), Object(CakeResponse))
#1 {main}
2013-12-27 14:07:24 Error: [MissingControllerException] Controller class CssController could not be found.
Exception Attributes: array (
  'class' => 'CssController',
  'plugin' => NULL,
)
Request URL: /frontiers/css/uniform.default.css
Stack Trace:
#0 /usr/local/zend/apache2/htdocs/frontiers/app/webroot/index.php(108): Dispatcher->dispatch(Object(CakeRequest), Object(CakeResponse))
#1 {main}
2013-12-27 14:07:24 Error: [MissingControllerException] Controller class JsController could not be found.
Exception Attributes: array (
  'class' => 'JsController',
  'plugin' => NULL,
)
Request URL: /frontiers/js/jquery.uniform.min.js
Stack Trace:
#0 /usr/local/zend/apache2/htdocs/frontiers/app/webroot/index.php(108): Dispatcher->dispatch(Object(CakeRequest), Object(CakeResponse))
#1 {main}
2013-12-27 14:09:24 Error: [MissingControllerException] Controller class CssController could not be found.
Exception Attributes: array (
  'class' => 'CssController',
  'plugin' => NULL,
)
Request URL: /frontiers/css/uniform.default.css
Stack Trace:
#0 /usr/local/zend/apache2/htdocs/frontiers/app/webroot/index.php(108): Dispatcher->dispatch(Object(CakeRequest), Object(CakeResponse))
#1 {main}
2013-12-27 14:09:24 Error: [MissingControllerException] Controller class JsController could not be found.
Exception Attributes: array (
  'class' => 'JsController',
  'plugin' => NULL,
)
Request URL: /frontiers/js/jquery.uniform.min.js
Stack Trace:
#0 /usr/local/zend/apache2/htdocs/frontiers/app/webroot/index.php(108): Dispatcher->dispatch(Object(CakeRequest), Object(CakeResponse))
#1 {main}
2013-12-27 14:10:23 Error: [MissingControllerException] Controller class CssController could not be found.
Exception Attributes: array (
  'class' => 'CssController',
  'plugin' => NULL,
)
Request URL: /frontiers/css/uniform.default.css
Stack Trace:
#0 /usr/local/zend/apache2/htdocs/frontiers/app/webroot/index.php(108): Dispatcher->dispatch(Object(CakeRequest), Object(CakeResponse))
#1 {main}
2013-12-27 14:10:23 Error: [MissingControllerException] Controller class JsController could not be found.
Exception Attributes: array (
  'class' => 'JsController',
  'plugin' => NULL,
)
Request URL: /frontiers/js/jquery.uniform.min.js
Stack Trace:
#0 /usr/local/zend/apache2/htdocs/frontiers/app/webroot/index.php(108): Dispatcher->dispatch(Object(CakeRequest), Object(CakeResponse))
#1 {main}
2013-12-27 14:11:30 Error: [MissingControllerException] Controller class CssController could not be found.
Exception Attributes: array (
  'class' => 'CssController',
  'plugin' => NULL,
)
Request URL: /frontiers/css/uniform.default.css
Stack Trace:
#0 /usr/local/zend/apache2/htdocs/frontiers/app/webroot/index.php(108): Dispatcher->dispatch(Object(CakeRequest), Object(CakeResponse))
#1 {main}
2013-12-27 14:11:30 Error: [MissingControllerException] Controller class JsController could not be found.
Exception Attributes: array (
  'class' => 'JsController',
  'plugin' => NULL,
)
Request URL: /frontiers/js/jquery.uniform.min.js
Stack Trace:
#0 /usr/local/zend/apache2/htdocs/frontiers/app/webroot/index.php(108): Dispatcher->dispatch(Object(CakeRequest), Object(CakeResponse))
#1 {main}
2013-12-27 14:12:29 Error: [MissingControllerException] Controller class CssController could not be found.
Exception Attributes: array (
  'class' => 'CssController',
  'plugin' => NULL,
)
Request URL: /frontiers/css/uniform.default.css
Stack Trace:
#0 /usr/local/zend/apache2/htdocs/frontiers/app/webroot/index.php(108): Dispatcher->dispatch(Object(CakeRequest), Object(CakeResponse))
#1 {main}
2013-12-27 14:12:29 Error: [MissingControllerException] Controller class JsController could not be found.
Exception Attributes: array (
  'class' => 'JsController',
  'plugin' => NULL,
)
Request URL: /frontiers/js/jquery.uniform.min.js
Stack Trace:
#0 /usr/local/zend/apache2/htdocs/frontiers/app/webroot/index.php(108): Dispatcher->dispatch(Object(CakeRequest), Object(CakeResponse))
#1 {main}
2013-12-27 14:13:41 Error: [MissingControllerException] Controller class CssController could not be found.
Exception Attributes: array (
  'class' => 'CssController',
  'plugin' => NULL,
)
Request URL: /frontiers/css/uniform.default.css
Stack Trace:
#0 /usr/local/zend/apache2/htdocs/frontiers/app/webroot/index.php(108): Dispatcher->dispatch(Object(CakeRequest), Object(CakeResponse))
#1 {main}
2013-12-27 14:13:41 Error: [MissingControllerException] Controller class JsController could not be found.
Exception Attributes: array (
  'class' => 'JsController',
  'plugin' => NULL,
)
Request URL: /frontiers/js/jquery.uniform.min.js
Stack Trace:
#0 /usr/local/zend/apache2/htdocs/frontiers/app/webroot/index.php(108): Dispatcher->dispatch(Object(CakeRequest), Object(CakeResponse))
#1 {main}
2013-12-27 14:14:09 Error: [MissingControllerException] Controller class CssController could not be found.
Exception Attributes: array (
  'class' => 'CssController',
  'plugin' => NULL,
)
Request URL: /frontiers/css/uniform.default.css
Stack Trace:
#0 /usr/local/zend/apache2/htdocs/frontiers/app/webroot/index.php(108): Dispatcher->dispatch(Object(CakeRequest), Object(CakeResponse))
#1 {main}
2013-12-27 14:14:09 Error: [MissingControllerException] Controller class JsController could not be found.
Exception Attributes: array (
  'class' => 'JsController',
  'plugin' => NULL,
)
Request URL: /frontiers/js/jquery.uniform.min.js
Stack Trace:
#0 /usr/local/zend/apache2/htdocs/frontiers/app/webroot/index.php(108): Dispatcher->dispatch(Object(CakeRequest), Object(CakeResponse))
#1 {main}
2013-12-27 14:14:52 Error: [MissingControllerException] Controller class CssController could not be found.
Exception Attributes: array (
  'class' => 'CssController',
  'plugin' => NULL,
)
Request URL: /frontiers/css/uniform.default.css
Stack Trace:
#0 /usr/local/zend/apache2/htdocs/frontiers/app/webroot/index.php(108): Dispatcher->dispatch(Object(CakeRequest), Object(CakeResponse))
#1 {main}
2013-12-27 14:14:52 Error: [MissingControllerException] Controller class JsController could not be found.
Exception Attributes: array (
  'class' => 'JsController',
  'plugin' => NULL,
)
Request URL: /frontiers/js/jquery.uniform.min.js
Stack Trace:
#0 /usr/local/zend/apache2/htdocs/frontiers/app/webroot/index.php(108): Dispatcher->dispatch(Object(CakeRequest), Object(CakeResponse))
#1 {main}
2013-12-27 14:18:44 Error: [MissingControllerException] Controller class CssController could not be found.
Exception Attributes: array (
  'class' => 'CssController',
  'plugin' => NULL,
)
Request URL: /frontiers/css/uniform.default.css
Stack Trace:
#0 /usr/local/zend/apache2/htdocs/frontiers/app/webroot/index.php(108): Dispatcher->dispatch(Object(CakeRequest), Object(CakeResponse))
#1 {main}
2013-12-27 14:18:44 Error: [MissingControllerException] Controller class JsController could not be found.
Exception Attributes: array (
  'class' => 'JsController',
  'plugin' => NULL,
)
Request URL: /frontiers/js/jquery.uniform.min.js
Stack Trace:
#0 /usr/local/zend/apache2/htdocs/frontiers/app/webroot/index.php(108): Dispatcher->dispatch(Object(CakeRequest), Object(CakeResponse))
#1 {main}
2013-12-27 14:19:42 Error: [MissingControllerException] Controller class CssController could not be found.
Exception Attributes: array (
  'class' => 'CssController',
  'plugin' => NULL,
)
Request URL: /frontiers/css/uniform.default.css
Stack Trace:
#0 /usr/local/zend/apache2/htdocs/frontiers/app/webroot/index.php(108): Dispatcher->dispatch(Object(CakeRequest), Object(CakeResponse))
#1 {main}
2013-12-27 14:19:42 Error: [MissingControllerException] Controller class JsController could not be found.
Exception Attributes: array (
  'class' => 'JsController',
  'plugin' => NULL,
)
Request URL: /frontiers/js/jquery.uniform.min.js
Stack Trace:
#0 /usr/local/zend/apache2/htdocs/frontiers/app/webroot/index.php(108): Dispatcher->dispatch(Object(CakeRequest), Object(CakeResponse))
#1 {main}
2013-12-27 14:20:19 Error: [MissingControllerException] Controller class CssController could not be found.
Exception Attributes: array (
  'class' => 'CssController',
  'plugin' => NULL,
)
Request URL: /frontiers/css/uniform.default.css
Stack Trace:
#0 /usr/local/zend/apache2/htdocs/frontiers/app/webroot/index.php(108): Dispatcher->dispatch(Object(CakeRequest), Object(CakeResponse))
#1 {main}
2013-12-27 14:20:19 Error: [MissingControllerException] Controller class JsController could not be found.
Exception Attributes: array (
  'class' => 'JsController',
  'plugin' => NULL,
)
Request URL: /frontiers/js/jquery.uniform.min.js
Stack Trace:
#0 /usr/local/zend/apache2/htdocs/frontiers/app/webroot/index.php(108): Dispatcher->dispatch(Object(CakeRequest), Object(CakeResponse))
#1 {main}
2013-12-27 14:20:41 Error: [MissingControllerException] Controller class CssController could not be found.
Exception Attributes: array (
  'class' => 'CssController',
  'plugin' => NULL,
)
Request URL: /frontiers/css/uniform.default.css
Stack Trace:
#0 /usr/local/zend/apache2/htdocs/frontiers/app/webroot/index.php(108): Dispatcher->dispatch(Object(CakeRequest), Object(CakeResponse))
#1 {main}
2013-12-27 14:20:41 Error: [MissingControllerException] Controller class JsController could not be found.
Exception Attributes: array (
  'class' => 'JsController',
  'plugin' => NULL,
)
Request URL: /frontiers/js/jquery.uniform.min.js
Stack Trace:
#0 /usr/local/zend/apache2/htdocs/frontiers/app/webroot/index.php(108): Dispatcher->dispatch(Object(CakeRequest), Object(CakeResponse))
#1 {main}
2013-12-27 14:21:26 Error: [MissingControllerException] Controller class JsController could not be found.
Exception Attributes: array (
  'class' => 'JsController',
  'plugin' => NULL,
)
Request URL: /frontiers/js/jquery.uniform.min.js
Stack Trace:
#0 /usr/local/zend/apache2/htdocs/frontiers/app/webroot/index.php(108): Dispatcher->dispatch(Object(CakeRequest), Object(CakeResponse))
#1 {main}
2013-12-27 14:21:26 Error: [MissingControllerException] Controller class CssController could not be found.
Exception Attributes: array (
  'class' => 'CssController',
  'plugin' => NULL,
)
Request URL: /frontiers/css/uniform.default.css
Stack Trace:
#0 /usr/local/zend/apache2/htdocs/frontiers/app/webroot/index.php(108): Dispatcher->dispatch(Object(CakeRequest), Object(CakeResponse))
#1 {main}
2013-12-27 14:24:55 Error: [MissingControllerException] Controller class CssController could not be found.
Exception Attributes: array (
  'class' => 'CssController',
  'plugin' => NULL,
)
Request URL: /frontiers/css/uniform.default.css
Stack Trace:
#0 /usr/local/zend/apache2/htdocs/frontiers/app/webroot/index.php(108): Dispatcher->dispatch(Object(CakeRequest), Object(CakeResponse))
#1 {main}
2013-12-27 14:24:55 Error: [MissingControllerException] Controller class JsController could not be found.
Exception Attributes: array (
  'class' => 'JsController',
  'plugin' => NULL,
)
Request URL: /frontiers/js/jquery.uniform.min.js
Stack Trace:
#0 /usr/local/zend/apache2/htdocs/frontiers/app/webroot/index.php(108): Dispatcher->dispatch(Object(CakeRequest), Object(CakeResponse))
#1 {main}
2013-12-27 14:25:24 Error: [MissingControllerException] Controller class CssController could not be found.
Exception Attributes: array (
  'class' => 'CssController',
  'plugin' => NULL,
)
Request URL: /frontiers/css/uniform.default.css
Stack Trace:
#0 /usr/local/zend/apache2/htdocs/frontiers/app/webroot/index.php(108): Dispatcher->dispatch(Object(CakeRequest), Object(CakeResponse))
#1 {main}
2013-12-27 14:25:25 Error: [MissingControllerException] Controller class JsController could not be found.
Exception Attributes: array (
  'class' => 'JsController',
  'plugin' => NULL,
)
Request URL: /frontiers/js/jquery.uniform.min.js
Stack Trace:
#0 /usr/local/zend/apache2/htdocs/frontiers/app/webroot/index.php(108): Dispatcher->dispatch(Object(CakeRequest), Object(CakeResponse))
#1 {main}
2013-12-27 14:31:02 Error: [MissingControllerException] Controller class CssController could not be found.
Exception Attributes: array (
  'class' => 'CssController',
  'plugin' => NULL,
)
Request URL: /frontiers/css/uniform.default.css
Stack Trace:
#0 /usr/local/zend/apache2/htdocs/frontiers/app/webroot/index.php(108): Dispatcher->dispatch(Object(CakeRequest), Object(CakeResponse))
#1 {main}
2013-12-27 14:31:02 Error: [MissingControllerException] Controller class JsController could not be found.
Exception Attributes: array (
  'class' => 'JsController',
  'plugin' => NULL,
)
Request URL: /frontiers/js/jquery.uniform.min.js
Stack Trace:
#0 /usr/local/zend/apache2/htdocs/frontiers/app/webroot/index.php(108): Dispatcher->dispatch(Object(CakeRequest), Object(CakeResponse))
#1 {main}
2013-12-27 14:31:23 Error: [MissingControllerException] Controller class CssController could not be found.
Exception Attributes: array (
  'class' => 'CssController',
  'plugin' => NULL,
)
Request URL: /frontiers/css/uniform.default.css
Stack Trace:
#0 /usr/local/zend/apache2/htdocs/frontiers/app/webroot/index.php(108): Dispatcher->dispatch(Object(CakeRequest), Object(CakeResponse))
#1 {main}
2013-12-27 14:31:23 Error: [MissingControllerException] Controller class JsController could not be found.
Exception Attributes: array (
  'class' => 'JsController',
  'plugin' => NULL,
)
Request URL: /frontiers/js/jquery.uniform.min.js
Stack Trace:
#0 /usr/local/zend/apache2/htdocs/frontiers/app/webroot/index.php(108): Dispatcher->dispatch(Object(CakeRequest), Object(CakeResponse))
#1 {main}
2013-12-27 14:31:49 Error: [MissingControllerException] Controller class CssController could not be found.
Exception Attributes: array (
  'class' => 'CssController',
  'plugin' => NULL,
)
Request URL: /frontiers/css/uniform.default.css
Stack Trace:
#0 /usr/local/zend/apache2/htdocs/frontiers/app/webroot/index.php(108): Dispatcher->dispatch(Object(CakeRequest), Object(CakeResponse))
#1 {main}
2013-12-27 14:31:49 Error: [MissingControllerException] Controller class JsController could not be found.
Exception Attributes: array (
  'class' => 'JsController',
  'plugin' => NULL,
)
Request URL: /frontiers/js/jquery.uniform.min.js
Stack Trace:
#0 /usr/local/zend/apache2/htdocs/frontiers/app/webroot/index.php(108): Dispatcher->dispatch(Object(CakeRequest), Object(CakeResponse))
#1 {main}
2013-12-27 14:44:02 Error: [MissingControllerException] Controller class CssController could not be found.
Exception Attributes: array (
  'class' => 'CssController',
  'plugin' => NULL,
)
Request URL: /frontiers/css/uniform.default.css
Stack Trace:
#0 /usr/local/zend/apache2/htdocs/frontiers/app/webroot/index.php(108): Dispatcher->dispatch(Object(CakeRequest), Object(CakeResponse))
#1 {main}
2013-12-27 14:44:02 Error: [MissingControllerException] Controller class JsController could not be found.
Exception Attributes: array (
  'class' => 'JsController',
  'plugin' => NULL,
)
Request URL: /frontiers/js/jquery.uniform.min.js
Stack Trace:
#0 /usr/local/zend/apache2/htdocs/frontiers/app/webroot/index.php(108): Dispatcher->dispatch(Object(CakeRequest), Object(CakeResponse))
#1 {main}
2013-12-27 14:45:50 Error: [MissingControllerException] Controller class CssController could not be found.
Exception Attributes: array (
  'class' => 'CssController',
  'plugin' => NULL,
)
Request URL: /frontiers/css/uniform.default.css
Stack Trace:
#0 /usr/local/zend/apache2/htdocs/frontiers/app/webroot/index.php(108): Dispatcher->dispatch(Object(CakeRequest), Object(CakeResponse))
#1 {main}
2013-12-27 14:45:50 Error: [MissingControllerException] Controller class JsController could not be found.
Exception Attributes: array (
  'class' => 'JsController',
  'plugin' => NULL,
)
Request URL: /frontiers/js/jquery.uniform.min.js
Stack Trace:
#0 /usr/local/zend/apache2/htdocs/frontiers/app/webroot/index.php(108): Dispatcher->dispatch(Object(CakeRequest), Object(CakeResponse))
#1 {main}
2013-12-27 14:47:42 Error: [MissingControllerException] Controller class CssController could not be found.
Exception Attributes: array (
  'class' => 'CssController',
  'plugin' => NULL,
)
Request URL: /frontiers/css/uniform.default.css
Stack Trace:
#0 /usr/local/zend/apache2/htdocs/frontiers/app/webroot/index.php(108): Dispatcher->dispatch(Object(CakeRequest), Object(CakeResponse))
#1 {main}
2013-12-27 14:47:42 Error: [MissingControllerException] Controller class JsController could not be found.
Exception Attributes: array (
  'class' => 'JsController',
  'plugin' => NULL,
)
Request URL: /frontiers/js/jquery.uniform.min.js
Stack Trace:
#0 /usr/local/zend/apache2/htdocs/frontiers/app/webroot/index.php(108): Dispatcher->dispatch(Object(CakeRequest), Object(CakeResponse))
#1 {main}
2013-12-27 14:48:17 Error: [MissingControllerException] Controller class CssController could not be found.
Exception Attributes: array (
  'class' => 'CssController',
  'plugin' => NULL,
)
Request URL: /frontiers/css/uniform.default.css
Stack Trace:
#0 /usr/local/zend/apache2/htdocs/frontiers/app/webroot/index.php(108): Dispatcher->dispatch(Object(CakeRequest), Object(CakeResponse))
#1 {main}
2013-12-27 14:48:17 Error: [MissingControllerException] Controller class JsController could not be found.
Exception Attributes: array (
  'class' => 'JsController',
  'plugin' => NULL,
)
Request URL: /frontiers/js/jquery.uniform.min.js
Stack Trace:
#0 /usr/local/zend/apache2/htdocs/frontiers/app/webroot/index.php(108): Dispatcher->dispatch(Object(CakeRequest), Object(CakeResponse))
#1 {main}
2013-12-27 14:51:33 Error: [MissingControllerException] Controller class CssController could not be found.
Exception Attributes: array (
  'class' => 'CssController',
  'plugin' => NULL,
)
Request URL: /frontiers/css/uniform.default.css
Stack Trace:
#0 /usr/local/zend/apache2/htdocs/frontiers/app/webroot/index.php(108): Dispatcher->dispatch(Object(CakeRequest), Object(CakeResponse))
#1 {main}
2013-12-27 14:51:33 Error: [MissingControllerException] Controller class JsController could not be found.
Exception Attributes: array (
  'class' => 'JsController',
  'plugin' => NULL,
)
Request URL: /frontiers/js/jquery.uniform.min.js
Stack Trace:
#0 /usr/local/zend/apache2/htdocs/frontiers/app/webroot/index.php(108): Dispatcher->dispatch(Object(CakeRequest), Object(CakeResponse))
#1 {main}
2013-12-27 14:54:05 Error: [MissingControllerException] Controller class CssController could not be found.
Exception Attributes: array (
  'class' => 'CssController',
  'plugin' => NULL,
)
Request URL: /frontiers/css/uniform.default.css
Stack Trace:
#0 /usr/local/zend/apache2/htdocs/frontiers/app/webroot/index.php(108): Dispatcher->dispatch(Object(CakeRequest), Object(CakeResponse))
#1 {main}
2013-12-27 14:54:05 Error: [MissingControllerException] Controller class JsController could not be found.
Exception Attributes: array (
  'class' => 'JsController',
  'plugin' => NULL,
)
Request URL: /frontiers/js/jquery.uniform.min.js
Stack Trace:
#0 /usr/local/zend/apache2/htdocs/frontiers/app/webroot/index.php(108): Dispatcher->dispatch(Object(CakeRequest), Object(CakeResponse))
#1 {main}
2013-12-27 14:55:26 Error: [MissingControllerException] Controller class CssController could not be found.
Exception Attributes: array (
  'class' => 'CssController',
  'plugin' => NULL,
)
Request URL: /frontiers/css/uniform.default.css
Stack Trace:
#0 /usr/local/zend/apache2/htdocs/frontiers/app/webroot/index.php(108): Dispatcher->dispatch(Object(CakeRequest), Object(CakeResponse))
#1 {main}
2013-12-27 14:55:26 Error: [MissingControllerException] Controller class JsController could not be found.
Exception Attributes: array (
  'class' => 'JsController',
  'plugin' => NULL,
)
Request URL: /frontiers/js/jquery.uniform.min.js
Stack Trace:
#0 /usr/local/zend/apache2/htdocs/frontiers/app/webroot/index.php(108): Dispatcher->dispatch(Object(CakeRequest), Object(CakeResponse))
#1 {main}
2013-12-27 14:59:08 Error: [MissingControllerException] Controller class CssController could not be found.
Exception Attributes: array (
  'class' => 'CssController',
  'plugin' => NULL,
)
Request URL: /frontiers/css/uniform.default.css
Stack Trace:
#0 /usr/local/zend/apache2/htdocs/frontiers/app/webroot/index.php(108): Dispatcher->dispatch(Object(CakeRequest), Object(CakeResponse))
#1 {main}
2013-12-27 14:59:08 Error: [MissingControllerException] Controller class JsController could not be found.
Exception Attributes: array (
  'class' => 'JsController',
  'plugin' => NULL,
)
Request URL: /frontiers/js/jquery.uniform.min.js
Stack Trace:
#0 /usr/local/zend/apache2/htdocs/frontiers/app/webroot/index.php(108): Dispatcher->dispatch(Object(CakeRequest), Object(CakeResponse))
#1 {main}
2013-12-27 15:00:05 Error: [MissingControllerException] Controller class CssController could not be found.
Exception Attributes: array (
  'class' => 'CssController',
  'plugin' => NULL,
)
Request URL: /frontiers/css/uniform.default.css
Stack Trace:
#0 /usr/local/zend/apache2/htdocs/frontiers/app/webroot/index.php(108): Dispatcher->dispatch(Object(CakeRequest), Object(CakeResponse))
#1 {main}
2013-12-27 15:00:05 Error: [MissingControllerException] Controller class JsController could not be found.
Exception Attributes: array (
  'class' => 'JsController',
  'plugin' => NULL,
)
Request URL: /frontiers/js/jquery.uniform.min.js
Stack Trace:
#0 /usr/local/zend/apache2/htdocs/frontiers/app/webroot/index.php(108): Dispatcher->dispatch(Object(CakeRequest), Object(CakeResponse))
#1 {main}
